[2026-01-26 15:29:05] Email ingestion started
[2026-01-26 15:29:07] No new unread mail
[2026-01-26 15:29:14] No new unread mail
[2026-01-26 15:29:20] No new unread mail
[2026-01-26 15:29:27] No new unread mail
[2026-01-26 15:29:34] No new unread mail
[2026-01-26 15:29:40] No new unread mail
[2026-01-26 15:29:47] No new unread mail
[2026-01-26 15:29:54] No new unread mail
[2026-01-26 15:30:01] No new unread mail
[2026-01-26 15:30:08] No new unread mail
[2026-01-26 15:30:14] No new unread mail
[2026-01-26 15:30:21] No new unread mail
[2026-01-26 15:30:28] New mail: 
[2026-01-26 15:30:28] Saved attachment: 20260126_153028_b1eae449.pdf
[2026-01-26 15:30:36] No new unread mail
[2026-01-26 15:30:42] No new unread mail
[2026-01-26 15:30:49] No new unread mail
[2026-01-26 15:30:56] No new unread mail
[2026-01-26 15:31:03] No new unread mail
[2026-01-26 15:31:09] No new unread mail
[2026-01-26 15:31:16] No new unread mail
[2026-01-26 15:31:23] No new unread mail
[2026-01-26 15:31:30] No new unread mail
[2026-01-26 15:31:37] No new unread mail
[2026-01-26 15:31:43] No new unread mail
[2026-01-26 15:31:50] No new unread mail
[2026-01-26 15:31:57] No new unread mail
[2026-01-26 15:32:01] Email ingestion stopped
[2026-01-26 15:32:19] Email ingestion started
[2026-01-26 15:32:21] No new unread mail
[2026-01-26 15:32:27] No new unread mail
[2026-01-26 15:32:34] No new unread mail
[2026-01-26 15:32:41] No new unread mail
[2026-01-26 15:32:47] No new unread mail
[2026-01-26 15:32:54] No new unread mail
[2026-01-26 15:33:01] No new unread mail
[2026-01-26 15:33:07] No new unread mail
[2026-01-26 15:33:14] New mail: 
[2026-01-26 15:33:14] Saved attachment: 20260126_153314_8f6cfbb3.pdf
[2026-01-26 15:33:22] No new unread mail
[2026-01-26 15:33:38] No new unread mail
[2026-01-26 15:33:46] No new unread mail
[2026-01-26 15:33:53] No new unread mail
[2026-01-26 15:34:00] No new unread mail
[2026-01-26 15:34:07] No new unread mail
[2026-01-26 15:34:14] No new unread mail
[2026-01-26 15:34:21] No new unread mail
[2026-01-26 15:34:27] No new unread mail
[2026-01-26 15:34:34] No new unread mail
[2026-01-26 15:34:41] No new unread mail
[2026-01-26 15:34:48] No new unread mail
[2026-01-26 15:34:55] No new unread mail
[2026-01-26 15:35:02] No new unread mail
[2026-01-26 15:35:08] Email ingestion stopped
[2026-01-26 23:40:33] Email ingestion service started
[2026-01-26 23:40:35] Waiting for new mail...
[2026-01-26 23:43:13] New PO attachment saved: 5730b52f_5000337699_P.O..pdf
[2026-01-26 23:43:21] Waiting for new mail...
[2026-01-26 23:52:26] Email ingestion stopped
[2026-01-26 23:52:39] Email ingestion service started
[2026-01-26 23:52:40] Waiting for new mail...
[2026-01-26 23:53:56] PO detected in email body, saved as: 20260126_235356_c5d9d39b_email_body.pdf
[2026-01-26 23:54:03] Waiting for new mail...
[2026-01-26 23:55:26] Email ingestion stopped
[2026-01-27 14:50:38] Email ingestion service started
[2026-01-27 14:50:40] Waiting for new mail...
[2026-01-27 15:02:15] Email ingestion stopped
[2026-01-27 15:11:23] Email ingestion service started
[2026-01-27 15:11:25] Waiting for new mail...
[2026-01-27 15:14:12] Email ingestion stopped
[2026-01-27 15:14:19] Email ingestion service started
[2026-01-27 15:14:20] Waiting for new mail...
[2026-01-27 15:16:58] New PO attachment saved: 20260127_151658_6ec81063.pdf
[2026-01-27 15:17:05] Waiting for new mail...
[2026-01-27 15:22:52] Email ingestion stopped
[2026-01-27 15:30:03] Email ingestion service started
[2026-01-27 15:30:05] Waiting for new mail...
[2026-01-27 15:30:39] New PO attachment saved: 20260127_153039_4cd9af62.pdf
[2026-01-27 15:30:46] Waiting for new mail...
[2026-01-27 15:38:50] Email ingestion stopped
[2026-01-27 15:38:54] Email ingestion service started
[2026-01-27 15:38:56] Waiting for new mail...
[2026-01-27 15:40:11] New PO attachment saved: 20260127_154011_c994f454.pdf
[2026-01-27 15:40:18] Waiting for new mail...
[2026-01-27 15:42:10] Email ingestion stopped
[2026-01-28 01:30:53] Email ingestion service started
[2026-01-28 01:30:55] New PO attachment saved: 20260128_013055_024a5a27.pdf
[2026-01-28 01:31:02] New PO attachment saved: 20260128_013102_09879e9c.pdf
[2026-01-28 01:31:17] Waiting for new mail...
[2026-01-28 01:55:45] Email ingestion stopped
[2026-01-28 14:57:08] Email ingestion service started
[2026-01-28 14:57:10] Waiting for new mail...
[2026-01-28 16:07:46] Email ingestion stopped
[2026-01-28 16:07:52] Email ingestion service started
[2026-01-28 16:07:54] New PO attachment saved: 20260128_160754_6cb84344.pdf
[2026-01-28 16:08:01] Waiting for new mail...
[2026-01-28 16:09:34] Email ingestion stopped
[2026-01-28 16:16:16] Email ingestion service started
[2026-01-28 16:16:18] Waiting for new mail...
[2026-01-28 16:21:43] New PO attachment saved: 20260128_162143_44204457.pdf
[2026-01-28 16:21:50] Waiting for new mail...
[2026-01-28 16:34:58] New PO attachment saved: 20260128_163458_3209dabd.pdf
[2026-01-28 16:35:05] Waiting for new mail...
[2026-01-28 16:37:31] Email ingestion stopped
[2026-01-28 16:38:41] Email ingestion service started
[2026-01-28 16:38:44] Waiting for new mail...
[2026-01-28 16:46:28] New PO attachment saved: 20260128_164628_e01bdc45.pdf
[2026-01-28 16:46:35] Waiting for new mail...
[2026-01-28 16:57:53] Error: [Errno 8] nodename nor servname provided, or not known
[2026-01-28 18:45:33] Email ingestion stopped
[2026-01-28 18:45:36] Email ingestion service started
[2026-01-28 18:45:38] Waiting for new mail...
[2026-01-28 18:46:52] New PO attachment saved: 20260128_184652_ac23d16b.pdf
[2026-01-28 18:46:59] Waiting for new mail...
[2026-01-28 18:50:01] Email ingestion stopped
[2026-01-29 15:25:40] Email ingestion service started
[2026-01-29 15:25:42] Waiting for new mail...
[2026-01-29 15:29:17] New PO attachment saved: 20260129_152917_27059c6c.pdf
[2026-01-29 15:29:24] Waiting for new mail...
[2026-01-29 15:37:11] Error: [Errno 8] nodename nor servname provided, or not known
[2026-01-29 15:40:14] Email ingestion service started
[2026-01-29 15:40:17] Waiting for new mail...
[2026-01-29 15:42:34] New PO attachment saved: 20260129_154234_ccb10617.pdf
[2026-01-29 15:42:42] Waiting for new mail...
[2026-01-29 15:55:25] Email ingestion stopped
[2026-01-30 09:33:08] Email ingestion service started
[2026-01-30 09:33:10] Waiting for new mail...
[2026-01-30 09:33:35] Email ingestion service started
[2026-01-30 09:33:36] Waiting for new mail...
[2026-01-30 09:37:35] Email ingestion stopped
[2026-01-30 09:37:35] Email ingestion stopped
